<?xml version="1.0" encoding="UTF-8"?>
<!-- Generated by org.testng.reporters.JUnitReportReporter -->
<testsuite hostname="Srinivasulu" failures="0" tests="3" name="com.banking.qa.testcases.LoginPageTest" time="14.103" errors="0" timestamp="2022-04-19T07:39:50 IST" skipped="0">
  <testcase classname="com.banking.qa.testcases.LoginPageTest" name="verifyTitle" time="3.914"/>
  <system-out/>
  <testcase classname="com.banking.qa.testcases.LoginPageTest" name="verifyLogo" time="3.948"/>
  <system-out/>
  <testcase classname="com.banking.qa.testcases.LoginPageTest" name="loginToApp" time="6.241"/>
  <system-out/>
</testsuite> <!-- com.banking.qa.testcases.LoginPageTest -->
