<?xml version="1.0" encoding="UTF-8"?>
<!-- Generated by org.testng.reporters.JUnitReportReporter -->
<testsuite hostname="Srinivasulu" failures="0" tests="3" name="com.banking.qa.testcases.HomePageTest" time="17.226" errors="0" timestamp="2022-04-19T07:39:50 IST" skipped="0">
  <testcase classname="com.banking.qa.testcases.HomePageTest" name="validateTitle" time="5.365"/>
  <system-out/>
  <testcase classname="com.banking.qa.testcases.HomePageTest" name="validateLogo" time="5.346"/>
  <system-out/>
  <testcase classname="com.banking.qa.testcases.HomePageTest" name="clickDeleteCustomer" time="6.515"/>
  <system-out/>
</testsuite> <!-- com.banking.qa.testcases.HomePageTest -->
