<?xml version="1.0" encoding="UTF-8"?>
<!-- Generated by org.testng.reporters.JUnitReportReporter -->
<testsuite hostname="Srinivasulu" failures="0" tests="2" name="com.banking.qa.testcases.DeleteCustomerPageTest" time="14.036" errors="0" timestamp="2022-04-19T07:39:50 IST" skipped="0">
  <testcase classname="com.banking.qa.testcases.DeleteCustomerPageTest" name="validateTitle" time="6.540"/>
  <system-out/>
  <testcase classname="com.banking.qa.testcases.DeleteCustomerPageTest" name="deleteCustomer" time="7.496"/>
  <system-out/>
</testsuite> <!-- com.banking.qa.testcases.DeleteCustomerPageTest -->
